d = 12
Galois group [ 12 ]
Number field Number Field with defining polynomial [ $.1^4 - 12*ed^3 + 9*ed^2 + 
    6*ed - 9, $.1^3 - ed^3 - 1 ] over Kd
d = 14
Galois group []
Number field Cyclotomic Field of order 14 and degree 6
d = 15
Galois group [ 30 ]
Number field Number Field with defining polynomial [ $.1^2 + 5*ed^7 - ed^6 - 
    2*ed^5 + 3*ed^4 - 3*ed^3 + 4*ed^2 + 4*ed - 4, $.1^3 + ed^7 - ed^6 + ed^3 + 
    ed^2 + 1, $.1^5 + 2*ed^5 + 1 ] over Kd
d = 18
Galois group [ 3, 18 ]
Number field Number Field with defining polynomial [ $.1^3 + 2*ed^5 - 4*ed^4 + 
    2*ed^3 - 4*ed^2 + 2*ed, $.1^2 - ed, $.1^9 - 2 ] over Kd
d = 20
Galois group [ 20 ]
Number field Number Field with defining polynomial [ $.1^4 + ed^6 + 2*ed^5 + 
    2*ed^4 - 2*ed^2 - 2*ed - 1, $.1^5 + ed^5 - 1 ] over Kd
d = 21
Galois group [ 42 ]
Number field Number Field with defining polynomial [ $.1^2 + ed^11 + ed^9 + ed^8
    - ed^7 - ed^4 + 2*ed^2 - ed - 2, $.1^3 - ed^11 + ed^8 - ed^6 - ed^4 + ed^3 +
    ed - 1, $.1^7 - ed^7 + 1 ] over Kd
d = 24
Galois group [ 2, 2, 2, 12 ]
Number field Number Field with defining polynomial [ $.1^2 + ed^7 - 2*ed^6 + 
    ed^5 + ed^4 - 2*ed^3 + ed^2 + ed - 1, $.1^2 + ed^6 - ed^4 + 1, $.1^2 + ed^7 
    - 3*ed^6 + 3*ed^4 - 2*ed^3 + 3*ed - 3, $.1^4 + 8*ed^7 - 6*ed^6 + 2*ed^5 - 
    10*ed^3 + 12*ed^2 - 10*ed + 9, $.1^3 - ed^6 - 1 ] over Kd
d = 28
Galois group [ 2, 28 ]
Number field Number Field with defining polynomial [ $.1^2 + ed^11 - ed^7 - ed^5
    + ed, $.1^4 + 16*ed^11 + 21*ed^10 - 21*ed^8 + 21*ed^6 - 8*ed^5 - 21*ed^4 + 
    16*ed^3 + 21*ed^2 - 16*ed - 21, $.1^7 + 53144*ed^11 - 19152*ed^10 - 
    72296*ed^9 + 72296*ed^8 - 11488*ed^7 + 41552*ed^6 - 124096*ed^5 + 
    107912*ed^4 - 35616*ed^3 + 51800*ed^2 - 113848*ed + 83784 ] over Kd
d = 30
Galois group [ 30, 30 ]
Number field Number Field with defining polynomial [ $.1^2 - 4*ed^6 + ed^5 + 
    ed^4 + 2*ed^3 + ed^2 + ed - 4, $.1^3 - 2, $.1^5 - 2, $.1^2 - 4*ed^7 + ed^6 +
    ed^5 + 2*ed^4 + ed^3 + ed^2 - 4*ed, $.1^3 + 136*ed^7 - 92*ed^6 - 108*ed^5 - 
    84*ed^4 - 4*ed^3 - 40*ed^2 + 192*ed + 96, $.1^5 + 18*ed^5 ] over Kd
d = 36
Galois group [ 6, 36 ]
Number field Number Field with defining polynomial [ $.1^2 - ed, $.1^3 - ed^11 -
    ed^10 - 2*ed^9 + 2*ed^8 + ed^7 + 2*ed^5 - ed^4 - ed^2 - 2*ed + 2, $.1^4 + 
    4*ed^11 + 5*ed^10 + 4*ed^9 - 4*ed^7 - 5*ed^6 - 8*ed^5 - 4*ed^4 + 2*ed^3 + 
    6*ed^2 + 6*ed + 1, $.1^9 - 156*ed^11 + 156*ed^10 - 212*ed^9 + 84*ed^8 - 
    240*ed^7 - 84*ed^5 - 240*ed^4 - 240*ed^2 + 84*ed - 212 ] over Kd
d = 40
Galois group [ 20 ]
Number field Number Field with defining polynomial [ $.1^4 + 2*ed^15 - 3*ed^14 -
    2*ed^13 + 6*ed^12 - 2*ed^11 - 6*ed^10 + 8*ed^9 - 8*ed^7 + 6*ed^6 + 2*ed^5 - 
    6*ed^4 + 2*ed^3 + 3*ed^2 - 2*ed, $.1^5 + 7*ed^15 + 7*ed^10 + 3*ed^5 - 3 ] 
over Kd
d = 42
Galois group [ 42, 42 ]
Number field Number Field with defining polynomial [ $.1^2 - ed, $.1^3 - 4*ed^11
    + 8*ed^9 + 8*ed^8 + 4*ed^4 + 8*ed^3 - 8*ed - 4, $.1^7 - 6, $.1^2 - ed^11 + 
    ed^10 + 2*ed^9 + 2*ed^8 + ed^7 - 2*ed^6 - ed^5 - 2*ed - 1, $.1^3 - ed^11 + 
    2*ed^9 + 2*ed^8 + ed^4 + 2*ed^3 - 2*ed - 1, $.1^7 + 2*ed^7 - 1 ] over Kd
d = 48
Galois group [ 4, 12 ]
Number field Number Field with defining polynomial [ $.1^4 - 2*ed^12 + 4*ed^4 - 
    3, $.1^4 + 5778*ed^15 + 14937*ed^14 + 25884*ed^13 + 25143*ed^12 - 
    11322*ed^11 - 42876*ed^10 - 23418*ed^9 + 13287*ed^8 + 16938*ed^7 + 4776*ed^6
    - 9738*ed^5 - 34059*ed^4 - 28404*ed^3 + 15426*ed^2 + 40014*ed + 19524, $.1^3
    - 7*ed^15 + 3*ed^14 - 7*ed^13 + 2*ed^12 - 6*ed^11 - ed^10 - ed^9 - 6*ed^8 + 
    9*ed^7 - 10*ed^6 + 10*ed^5 - 9*ed^4 + 9*ed^3 - 5*ed^2 + 6*ed - 3 ] over Kd
d = 60
Galois group [ 2, 2, 60, 60 ]
Number field Number Field with defining polynomial [ $.1^2 - ed^15 + ed^9 + ed^7
    - ed^3 - ed, $.1^2 + 3*ed^14 + ed^12 - ed^10 - ed^8 - ed^6 - ed^4 + ed^2 + 
    3, $.1^4 - 2*ed^15 + 11*ed^14 + 10*ed^13 + 8*ed^12 - 4*ed^11 - 13*ed^10 - 
    2*ed^9 + ed^8 - 14*ed^6 - 10*ed^5 - 5*ed^4 + 6*ed^3 + 12*ed^2 + 4*ed + 6, 
    $.1^3 + 26585*ed^15 + 15920*ed^14 + 7320*ed^13 + 15579*ed^12 - 20845*ed^11 -
    5874*ed^10 - 6115*ed^9 - 22518*ed^8 - 19830*ed^7 - 8362*ed^6 - 6690*ed^5 - 
    11420*ed^4 + 13725*ed^3 + 2088*ed^2 + 17755*ed + 26778, $.1^5 - 4*ed^15 - 
    380*ed^14 - 100*ed^13 - 40*ed^12 + 40*ed^11 + 204*ed^10 - 200*ed^9 + 
    340*ed^8 + 140*ed^7 + 140*ed^6 + 264*ed^5 + 20*ed^4 + 280*ed^3 - 20*ed^2 - 
    160*ed - 80, $.1^4 + 480*ed^15 + 276*ed^14 + 480*ed^13 + 276*ed^12 + 
    288*ed^11 + 516*ed^10 + 192*ed^9 + 372*ed^8 + 96*ed^7 - 12*ed^6 - 192*ed^5 -
    144*ed^4 - 132*ed^2 - 96*ed - 228, $.1^3 - 18*ed^15 + 40*ed^14 - 36*ed^13 + 
    18*ed^12 + 10*ed^11 - 18*ed^10 + 10*ed^9 - 12*ed^8 + 12*ed^7 - 20*ed^6 + 
    24*ed^5 - 28*ed^4 + 8*ed^3 + 18*ed^2 - 28*ed + 22, $.1^5 - 3*ed^15 + 3 ] 
over Kd
d = 66
Galois group [ 22, 66 ]
Number field Number Field with defining polynomial [ $.1^2 + ed^19 + ed^18 - 
    ed^16 - ed^15 + ed^13 + ed^12 - ed^10 - ed^9 - ed^8 + ed^6 + ed^5 - ed^3 - 
    ed^2 + 1, $.1^11 - 2*ed^11, $.1^2 + 4*ed^19 + 4*ed^18 - 4*ed^17 - 3*ed^15 - 
    2*ed^14 + 9*ed^13 + 2*ed^12 - 2*ed^10 - 5*ed^9 + 2*ed^8 - ed^7 + 6*ed^6 + 
    4*ed^5 - 2*ed^4 + ed^3 - 6*ed^2 + ed + 8, $.1^3 + 12*ed^19 + 16*ed^18 + 
    4*ed^15 + 20*ed^13 + 16*ed^12 - 4*ed^9 - 12*ed^8 + 12*ed^6 - 8*ed^3 - 
    20*ed^2 + 4, $.1^11 + 18241590749184*ed^19 + 38765867728896*ed^18 + 
    14873144749056*ed^17 - 46526936315904*ed^16 - 70797356163072*ed^15 - 
    7087132495872*ed^14 + 84106525105152*ed^13 + 87279803956224*ed^12 - 
    20257289948160*ed^11 - 120063346799616*ed^10 - 84106525105152*ed^9 + 
    39870675339264*ed^8 + 103580899006464*ed^7 + 46526936315904*ed^6 - 
    47656687592448*ed^5 - 71549410572288*ed^4 - 18241590749184*ed^3 + 
    32783542843392*ed^2 + 32783542843392*ed + 7731037052928 ] over Kd
d = 72
Galois group [ 18 ]
Number field Number Field with defining polynomial [ $.1^2 + ed^23 - ed^11 + 
    ed^5, $.1^9 + 21*ed^22 + 21*ed^20 + 53*ed^18 - 60*ed^16 - 39*ed^14 - 
    60*ed^10 + 39*ed^8 + 39*ed^4 + 60*ed^2 - 53 ] over Kd
d = 78
Galois group [ 6, 78 ]
Number field Number Field with defining polynomial [ $.1^2 - ed, $.1^3 + 2*ed^23
    + ed^20 + 2*ed^17 - 2*ed^15 - ed^12 - 2*ed^10 - 2*ed^9 - ed^7 - 2*ed^6 - 
    2*ed^4 - 3*ed^3 - 2, $.1^2 - ed^23 + ed^22 - ed^20 + ed^19 - ed^16 + ed^15 +
    ed^11 - ed^10 + ed^7 - 2*ed^6 + ed^5 + ed - 1, $.1^3 + 16*ed^23 + 8*ed^21 - 
    8*ed^20 - 4*ed^18 + 4*ed^17 + 4*ed^15 - 8*ed^14 - 8*ed^12 - 16*ed^10 + 
    8*ed^7 + 8*ed^6 - 4*ed^4 - 4*ed^3 + 8*ed + 8, $.1^13 + 2*ed^13 ] over Kd
d = 84
Galois group [ 2, 42, 84 ]
Number field Number Field with defining polynomial [ $.1^2 - 4*ed^21 - 6*ed^19 -
    3*ed^17 + ed^15 + 3*ed^13 - 3*ed^9 - ed^7 + 3*ed^5 + 6*ed^3 + 4*ed, $.1^2 + 
    ed^23 + ed^21 - ed^17 - ed^15 + ed^11 - ed^7 - ed^5 + ed, $.1^3 - ed^23 - 
    ed^21 + ed^19 - ed^18 + ed^17 + ed^16 - ed^13 - ed^11 + 2*ed^9 + ed^7 - ed^3
    - ed^2 - ed + 1, $.1^7 + 2*ed^14 - 1, $.1^4 + 28*ed^23 + 4*ed^22 - 4*ed^21 +
    4*ed^20 - 4*ed^18 - 24*ed^17 + 7*ed^16 - 18*ed^14 + 4*ed^13 + 9*ed^12 + 
    12*ed^11 - 4*ed^10 - 12*ed^9 + 11*ed^8 - 8*ed^7 - 12*ed^6 - 12*ed^5 + 5*ed^4
    + 4*ed^3 - 14*ed^2 + 24*ed + 15, $.1^3 + 52*ed^23 + 30*ed^22 + 12*ed^21 + 
    24*ed^20 - 46*ed^19 - 46*ed^18 - 28*ed^17 - 18*ed^16 + 2*ed^15 + 6*ed^14 + 
    22*ed^13 + 8*ed^12 + 22*ed^11 + 30*ed^10 - 22*ed^9 - 18*ed^8 - 40*ed^7 - 
    48*ed^6 - 12*ed^5 + 6*ed^4 + 38*ed^3 + 24*ed^2 + 22*ed + 16, $.1^7 + 
    9834610464*ed^23 - 1368697176*ed^22 + 1861639416*ed^21 + 10846043208*ed^20 -
    16616435472*ed^19 + 11757921336*ed^18 - 9213077160*ed^17 - 11235055104*ed^16
    + 14662172448*ed^15 - 20720158344*ed^14 + 13525063776*ed^13 + 
    2321756136*ed^12 - 6848375688*ed^11 + 19004742288*ed^10 - 19004742288*ed^9 +
    6848375688*ed^8 - 146223360*ed^7 - 18659839968*ed^6 + 15695123976*ed^5 - 
    14701210776*ed^4 + 4303531512*ed^3 + 8846748288*ed^2 - 6503473368*ed + 
    12010143240 ] over Kd
d = 90
Galois group [ 90 ]
Number field Number Field with defining polynomial [ $.1^2 - ed^23 + 3*ed^22 - 
    3*ed^21 + ed^20 - 2*ed^19 - ed^18 + ed^17 - ed^16 + ed^15 + 2*ed^14 - 
    2*ed^13 + ed^12 - ed^10 + ed^9 + ed^7 + ed^6 - ed^5 + 3*ed^4 - ed^3 - 2*ed^2
    + 3*ed - 3, $.1^9 + 31488*ed^23 + 40320*ed^22 - 25088*ed^21 - 33792*ed^20 + 
    27648*ed^19 + 25088*ed^18 - 29568*ed^17 - 48384*ed^16 + 16896*ed^14 - 
    10752*ed^13 + 6144*ed^11 + 6144*ed^10 + 39424*ed^9 + 27648*ed^8 - 10752*ed^7
    + 25088*ed^6 + 76032*ed^5 + 59136*ed^4 + 12672*ed^2 + 69888*ed + 39424, 
    $.1^5 + 6*ed^22 + 14*ed^20 - 6*ed^16 - 6*ed^13 - 14*ed^10 - 8*ed^5 + 6*ed^4 
    + 6*ed + 10 ] over Kd
d = 120
Galois group [ 2, 2, 2, 30, 60 ]
Number field Number Field with defining polynomial [ $.1^2 + ed^29 + ed^27 + 
    ed^25 + ed^23 - ed^9 - ed^7 + ed, $.1^2 + 2*ed^31 - 3*ed^30 - ed^29 + ed^28 
    - 2*ed^26 - 2*ed^25 - 2*ed^24 + ed^22 - 3*ed^21 - 2*ed^20 - 3*ed^19 + 
    2*ed^18 + 2*ed^17 - 2*ed^16 - 3*ed^15 + ed^14 + ed^13 + 2*ed^12 - ed^11 + 
    ed^9 + ed^8 + 3*ed^7 + ed^6 - ed^5 + ed^4 + 3*ed^3 - ed^2 + 2*ed, $.1^2 - 
    3*ed^29 - 2*ed^28 + ed^27 + 3*ed^26 - 3*ed^25 - 5*ed^24 + 2*ed^23 + 4*ed^22 
    - 3*ed^21 - 3*ed^20 + 4*ed^19 + 2*ed^18 - 3*ed^17 - ed^16 + 2*ed^15 - 
    2*ed^14 - 3*ed^13 + ed^12 + ed^11 - 4*ed^10 - 3*ed^9 + 3*ed^8 - 5*ed^6 + 
    5*ed^4 - 3*ed^2 + 2, $.1^2 + ed^31 + ed^30 + ed^29 + ed^28 - 2*ed^23 - ed^17
    - ed^16 - ed^14 - ed^13 + ed^11 - ed^10 + ed^5 + ed^3 + ed^2 + ed, $.1^3 + 
    16*ed^31 + 13*ed^30 - 16*ed^29 + 24*ed^28 + 3*ed^27 + 30*ed^26 - 9*ed^25 + 
    15*ed^24 + 12*ed^23 + 7*ed^22 + 16*ed^21 - 6*ed^20 + 6*ed^19 - 6*ed^18 + 
    22*ed^17 - 27*ed^16 + 6*ed^15 - 18*ed^14 + 16*ed^13 - 19*ed^12 - 25*ed^11 - 
    3*ed^10 - 13*ed^9 - 9*ed^8 - 18*ed^7 - 9*ed^6 - 13*ed^5 - 3*ed^4 - 9*ed^3 + 
    2*ed^2 - 19*ed + 8, $.1^5 + 35154*ed^31 - 19218*ed^30 - 6000*ed^29 + 
    18870*ed^28 + 2280*ed^27 - 3840*ed^26 + 8604*ed^25 - 14220*ed^24 - 
    2094*ed^23 + 22680*ed^22 - 13530*ed^21 - 6756*ed^20 - 18624*ed^19 + 
    12270*ed^18 + 4200*ed^17 - 20670*ed^16 - 9228*ed^15 + 20370*ed^14 - 
    15360*ed^13 + 690*ed^12 - 10380*ed^11 - 5556*ed^10 + 5310*ed^9 - 3510*ed^8 +
    12504*ed^7 - 6150*ed^6 - 11994*ed^5 + 21210*ed^4 + 28974*ed^3 - 36870*ed^2 +
    7680*ed + 18060, $.1^4 + 33788*ed^31 - 38007*ed^30 - 18564*ed^29 + 
    48856*ed^28 + 43712*ed^27 - 89986*ed^26 - 34188*ed^25 + 90994*ed^24 + 
    20576*ed^23 - 95251*ed^22 - 14508*ed^21 + 96684*ed^20 - 22768*ed^19 - 
    59958*ed^18 + 25296*ed^17 + 48818*ed^16 - 63104*ed^15 - 8568*ed^14 + 
    60364*ed^13 + 1312*ed^12 - 90248*ed^11 + 49629*ed^10 + 76460*ed^9 - 
    59096*ed^8 - 74052*ed^7 + 67349*ed^6 + 69332*ed^5 - 68538*ed^4 - 28420*ed^3 
    + 39513*ed^2 + 35960*ed - 41482, $.1^3 - 2540285*ed^31 + 2047767*ed^30 - 
    2369482*ed^29 + 3663376*ed^28 - 3970498*ed^27 + 5131263*ed^26 - 
    3278261*ed^25 + 4530426*ed^24 - 1597749*ed^23 + 2031903*ed^22 - 662837*ed^21
    - 873438*ed^20 + 3243912*ed^19 - 4027628*ed^18 + 2753326*ed^17 - 
    4698729*ed^16 + 4142879*ed^15 - 4170048*ed^14 + 1582585*ed^13 - 
    2209343*ed^12 + 1479905*ed^11 - 1023804*ed^10 - 3038*ed^9 - 700450*ed^8 - 
    578352*ed^7 - 282163*ed^6 + 1323739*ed^5 - 749778*ed^4 + 359071*ed^3 + 
    18507*ed^2 + 2247950*ed - 655211, $.1^5 + 21*ed^31 - 90*ed^30 - 21*ed^25 - 
    21*ed^23 + 84*ed^20 - 21*ed^19 + 69*ed^15 + 45*ed^10 + 21*ed^7 - 69*ed^5 + 
    21*ed^3 - 84 ] over Kd
d = 156
Galois group [ 78 ]
Number field Number Field with defining polynomial [ $.1^2 - 4*ed^45 - 2*ed^43 +
    7*ed^41 + 4*ed^39 - 4*ed^37 - 2*ed^35 - ed^31 + 2*ed^29 + 7*ed^27 - 2*ed^25 
    - 6*ed^23 - ed^21 + 7*ed^19 + 2*ed^17 - 4*ed^15 - ed^13 - 2*ed^11 - 3*ed^9 +
    3*ed^7 + 6*ed^5 - 3*ed^3 - 6*ed, $.1^3 - 9*ed^47 + 10*ed^46 + 3*ed^45 + 
    2*ed^43 + ed^42 + 9*ed^41 - 9*ed^40 - 4*ed^39 - 3*ed^37 - 3*ed^36 - 9*ed^35 
    + 6*ed^34 + 4*ed^33 + 7*ed^31 + ed^30 + 9*ed^29 - 4*ed^28 - 3*ed^27 - 
    9*ed^25 - 9*ed^23 + 9*ed^21 - 10*ed^20 + 9*ed^19 - 4*ed^18 + 7*ed^17 - 
    7*ed^15 + 9*ed^14 - 9*ed^13 + 6*ed^12 - 6*ed^11 + 3*ed^9 - 6*ed^8 + 9*ed^7 -
    9*ed^6 + 2*ed^5 - 2*ed^3 + 4*ed^2 - 9*ed + 10, $.1^13 + 4*ed^39 - 4*ed^13 ] 
over Kd
d = 180
Galois group [ 36 ]
Number field Number Field with defining polynomial [ $.1^4 - 20*ed^45 - 4*ed^42 
    - 44*ed^39 + ed^36 + 28*ed^33 - 43*ed^30 + 70*ed^27 - 44*ed^24 + 44*ed^21 + 
    47*ed^18 - 58*ed^15 + 90*ed^12 - 54*ed^9 + 42*ed^6 - 28*ed^3 - 26, $.1^9 - 
    88630808108992320*ed^47 - 13784942830118160*ed^46 + 66409779767674920*ed^45 
    + 49218871821580680*ed^44 - 21656833562189160*ed^43 - 
    88535204063245360*ed^42 - 89887867208223600*ed^41 + 60161934958498680*ed^40 
    + 104125730370036480*ed^39 + 17602559795195880*ed^38 - 
    107749551524696040*ed^37 - 76491048245988000*ed^36 + 78874966482024840*ed^35
    + 97355751424524960*ed^34 - 2209211830424440*ed^33 - 
    111623656157707080*ed^32 - 62362625578467600*ed^31 + 95522825387443320*ed^30
    + 177980443197508920*ed^29 - 9708225011577720*ed^28 - 
    179767866833047280*ed^27 - 92943699049039920*ed^26 + 
    129762788234968320*ed^25 + 166093074992693160*ed^24 + 
    46185120073035240*ed^23 - 169738873049883600*ed^22 - 
    130846425618128760*ed^21 + 100664933800209000*ed^20 + 
    172646143553738640*ed^19 + 13387319560026520*ed^18 - 94238958159126360*ed^17
    - 90550939567893960*ed^16 + 61417182631398480*ed^15 + 
    109921282383588840*ed^14 + 5000924053885920*ed^13 - 101671326631017080*ed^12
    - 75642192478008960*ed^11 + 76495308780179760*ed^10 + 
    107767240046818280*ed^9 - 19038695544274920*ed^8 - 105149370697023240*ed^7 -
    57900358244886480*ed^6 + 1478436249448440*ed^5 + 85369735156626600*ed^4 + 
    26861049982913680*ed^3 - 56326355124231960*ed^2 - 61232939731113000*ed + 
    12174948883300120 ] over Kd
